mode: atomic
smart-company-discovery/internal/api/handlers/conversation_handler.go:16.91,18.2 1 6
smart-company-discovery/internal/api/handlers/conversation_handler.go:21.66,23.47 2 7
smart-company-discovery/internal/api/handlers/conversation_handler.go:23.47,26.3 2 0
smart-company-discovery/internal/api/handlers/conversation_handler.go:28.2,29.16 2 7
smart-company-discovery/internal/api/handlers/conversation_handler.go:29.16,32.3 2 0
smart-company-discovery/internal/api/handlers/conversation_handler.go:34.2,34.84 1 7
smart-company-discovery/internal/api/handlers/conversation_handler.go:38.63,41.16 3 2
smart-company-discovery/internal/api/handlers/conversation_handler.go:41.16,44.3 2 0
smart-company-discovery/internal/api/handlers/conversation_handler.go:46.2,47.16 2 2
smart-company-discovery/internal/api/handlers/conversation_handler.go:47.16,50.3 2 1
smart-company-discovery/internal/api/handlers/conversation_handler.go:52.2,52.29 1 1
smart-company-discovery/internal/api/handlers/conversation_handler.go:56.65,58.51 2 1
smart-company-discovery/internal/api/handlers/conversation_handler.go:58.51,61.3 2 0
smart-company-discovery/internal/api/handlers/conversation_handler.go:63.2,64.16 2 1
smart-company-discovery/internal/api/handlers/conversation_handler.go:64.16,67.3 2 0
smart-company-discovery/internal/api/handlers/conversation_handler.go:69.2,72.4 1 1
smart-company-discovery/internal/api/handlers/conversation_handler.go:76.66,79.16 3 1
smart-company-discovery/internal/api/handlers/conversation_handler.go:79.16,82.3 2 0
smart-company-discovery/internal/api/handlers/conversation_handler.go:84.2,85.16 2 1
smart-company-discovery/internal/api/handlers/conversation_handler.go:85.16,88.3 2 0
smart-company-discovery/internal/api/handlers/conversation_handler.go:90.2,90.47 1 1
smart-company-discovery/internal/api/handlers/conversation_handler.go:94.58,97.16 3 16
smart-company-discovery/internal/api/handlers/conversation_handler.go:97.16,100.3 2 0
smart-company-discovery/internal/api/handlers/conversation_handler.go:102.2,103.47 2 16
smart-company-discovery/internal/api/handlers/conversation_handler.go:103.47,106.3 2 0
smart-company-discovery/internal/api/handlers/conversation_handler.go:108.2,111.16 3 16
smart-company-discovery/internal/api/handlers/conversation_handler.go:111.16,114.3 2 1
smart-company-discovery/internal/api/handlers/conversation_handler.go:116.2,116.73 1 15
smart-company-discovery/internal/api/handlers/conversation_handler.go:120.59,123.16 3 7
smart-company-discovery/internal/api/handlers/conversation_handler.go:123.16,126.3 2 0
smart-company-discovery/internal/api/handlers/conversation_handler.go:128.2,129.51 2 7
smart-company-discovery/internal/api/handlers/conversation_handler.go:129.51,132.3 2 0
smart-company-discovery/internal/api/handlers/conversation_handler.go:134.2,135.16 2 7
smart-company-discovery/internal/api/handlers/conversation_handler.go:135.16,138.3 2 0
smart-company-discovery/internal/api/handlers/conversation_handler.go:140.2,143.4 1 7
smart-company-discovery/internal/api/handlers/conversation_handler.go:147.85,149.27 2 1
smart-company-discovery/internal/api/handlers/conversation_handler.go:149.27,151.3 1 4
smart-company-discovery/internal/api/handlers/conversation_handler.go:152.2,152.15 1 1
smart-company-discovery/internal/api/handlers/conversation_handler.go:155.70,157.27 2 7
smart-company-discovery/internal/api/handlers/conversation_handler.go:157.27,159.3 1 10
smart-company-discovery/internal/api/handlers/conversation_handler.go:160.2,160.15 1 7
smart-company-discovery/internal/api/handlers/qa_handler.go:18.59,20.2 1 0
smart-company-discovery/internal/api/handlers/qa_handler.go:23.46,25.47 2 0
smart-company-discovery/internal/api/handlers/qa_handler.go:25.47,28.25 2 0
smart-company-discovery/internal/api/handlers/qa_handler.go:28.25,30.4 1 0
smart-company-discovery/internal/api/handlers/qa_handler.go:30.9,30.30 1 0
smart-company-discovery/internal/api/handlers/qa_handler.go:30.30,32.4 1 0
smart-company-discovery/internal/api/handlers/qa_handler.go:33.3,34.9 2 0
smart-company-discovery/internal/api/handlers/qa_handler.go:37.2,38.16 2 0
smart-company-discovery/internal/api/handlers/qa_handler.go:38.16,41.3 2 0
smart-company-discovery/internal/api/handlers/qa_handler.go:43.2,43.66 1 0
smart-company-discovery/internal/api/handlers/qa_handler.go:47.43,50.16 3 0
smart-company-discovery/internal/api/handlers/qa_handler.go:50.16,53.3 2 0
smart-company-discovery/internal/api/handlers/qa_handler.go:55.2,56.16 2 0
smart-company-discovery/internal/api/handlers/qa_handler.go:56.16,59.3 2 0
smart-company-discovery/internal/api/handlers/qa_handler.go:61.2,61.45 1 0
smart-company-discovery/internal/api/handlers/qa_handler.go:65.44,67.51 2 0
smart-company-discovery/internal/api/handlers/qa_handler.go:67.51,70.3 2 0
smart-company-discovery/internal/api/handlers/qa_handler.go:73.2,73.25 1 0
smart-company-discovery/internal/api/handlers/qa_handler.go:73.25,75.17 2 0
smart-company-discovery/internal/api/handlers/qa_handler.go:75.17,78.4 2 0
smart-company-discovery/internal/api/handlers/qa_handler.go:80.3,84.9 2 0
smart-company-discovery/internal/api/handlers/qa_handler.go:87.2,88.16 2 0
smart-company-discovery/internal/api/handlers/qa_handler.go:88.16,91.3 2 0
smart-company-discovery/internal/api/handlers/qa_handler.go:93.2,96.4 1 0
smart-company-discovery/internal/api/handlers/qa_handler.go:100.46,103.16 3 0
smart-company-discovery/internal/api/handlers/qa_handler.go:103.16,106.3 2 0
smart-company-discovery/internal/api/handlers/qa_handler.go:108.2,109.47 2 0
smart-company-discovery/internal/api/handlers/qa_handler.go:109.47,112.3 2 0
smart-company-discovery/internal/api/handlers/qa_handler.go:114.2,115.16 2 0
smart-company-discovery/internal/api/handlers/qa_handler.go:115.16,118.83 2 0
smart-company-discovery/internal/api/handlers/qa_handler.go:118.83,121.4 2 0
smart-company-discovery/internal/api/handlers/qa_handler.go:122.3,123.9 2 0
smart-company-discovery/internal/api/handlers/qa_handler.go:126.2,126.61 1 0
smart-company-discovery/internal/api/handlers/qa_handler.go:130.46,133.16 3 0
smart-company-discovery/internal/api/handlers/qa_handler.go:133.16,136.3 2 0
smart-company-discovery/internal/api/handlers/qa_handler.go:138.2,139.16 2 0
smart-company-discovery/internal/api/handlers/qa_handler.go:139.16,142.83 2 0
smart-company-discovery/internal/api/handlers/qa_handler.go:142.83,145.4 2 0
smart-company-discovery/internal/api/handlers/qa_handler.go:146.3,147.9 2 0
smart-company-discovery/internal/api/handlers/qa_handler.go:150.2,150.73 1 0
smart-company-discovery/internal/api/handlers/qa_handler.go:154.67,156.27 2 0
smart-company-discovery/internal/api/handlers/qa_handler.go:156.27,158.3 1 0
smart-company-discovery/internal/api/handlers/qa_handler.go:159.2,159.15 1 0
smart-company-discovery/internal/clients/google_embedding.go:34.107,35.24 1 0
smart-company-discovery/internal/clients/google_embedding.go:35.24,37.3 1 0
smart-company-discovery/internal/clients/google_embedding.go:38.2,38.27 1 0
smart-company-discovery/internal/clients/google_embedding.go:38.27,40.3 1 0
smart-company-discovery/internal/clients/google_embedding.go:42.2,43.25 2 0
smart-company-discovery/internal/clients/google_embedding.go:43.25,45.3 1 0
smart-company-discovery/internal/clients/google_embedding.go:47.2,48.16 2 0
smart-company-discovery/internal/clients/google_embedding.go:48.16,50.3 1 0
smart-company-discovery/internal/clients/google_embedding.go:52.2,57.8 1 0
smart-company-discovery/internal/clients/google_embedding.go:61.104,63.16 2 0
smart-company-discovery/internal/clients/google_embedding.go:63.16,65.3 1 0
smart-company-discovery/internal/clients/google_embedding.go:66.2,66.26 1 0
smart-company-discovery/internal/clients/google_embedding.go:66.26,68.3 1 0
smart-company-discovery/internal/clients/google_embedding.go:69.2,69.27 1 0
smart-company-discovery/internal/clients/google_embedding.go:73.115,74.21 1 0
smart-company-discovery/internal/clients/google_embedding.go:74.21,76.3 1 0
smart-company-discovery/internal/clients/google_embedding.go:79.2,83.29 3 0
smart-company-discovery/internal/clients/google_embedding.go:83.29,91.3 1 0
smart-company-discovery/internal/clients/google_embedding.go:93.2,98.16 3 0
smart-company-discovery/internal/clients/google_embedding.go:98.16,100.3 1 0
smart-company-discovery/internal/clients/google_embedding.go:102.2,103.46 2 0
smart-company-discovery/internal/clients/google_embedding.go:103.46,104.22 1 0
smart-company-discovery/internal/clients/google_embedding.go:104.22,105.9 1 0
smart-company-discovery/internal/clients/google_embedding.go:109.3,110.10 2 0
smart-company-discovery/internal/clients/google_embedding.go:110.10,112.4 1 0
smart-company-discovery/internal/clients/google_embedding.go:114.3,115.10 2 0
smart-company-discovery/internal/clients/google_embedding.go:115.10,117.4 1 0
smart-company-discovery/internal/clients/google_embedding.go:119.3,120.10 2 0
smart-company-discovery/internal/clients/google_embedding.go:120.10,122.4 1 0
smart-company-discovery/internal/clients/google_embedding.go:124.3,125.10 2 0
smart-company-discovery/internal/clients/google_embedding.go:125.10,127.4 1 0
smart-company-discovery/internal/clients/google_embedding.go:129.3,130.10 2 0
smart-company-discovery/internal/clients/google_embedding.go:130.10,132.4 1 0
smart-company-discovery/internal/clients/google_embedding.go:134.3,135.35 2 0
smart-company-discovery/internal/clients/google_embedding.go:135.35,137.11 2 0
smart-company-discovery/internal/clients/google_embedding.go:137.11,139.5 1 0
smart-company-discovery/internal/clients/google_embedding.go:140.4,140.36 1 0
smart-company-discovery/internal/clients/google_embedding.go:143.3,143.28 1 0
smart-company-discovery/internal/clients/google_embedding.go:146.2,146.24 1 0
smart-company-discovery/internal/clients/google_embedding.go:155.60,156.20 1 0
smart-company-discovery/internal/clients/google_embedding.go:156.20,158.3 1 0
smart-company-discovery/internal/clients/google_embedding.go:159.2,159.51 1 0
smart-company-discovery/internal/clients/google_embedding.go:163.102,166.27 2 0
smart-company-discovery/internal/clients/google_embedding.go:166.27,168.3 1 0
smart-company-discovery/internal/clients/google_embedding.go:169.2,169.23 1 0
smart-company-discovery/internal/clients/google_embedding.go:173.113,175.29 2 0
smart-company-discovery/internal/clients/google_embedding.go:175.29,177.17 2 0
smart-company-discovery/internal/clients/google_embedding.go:177.17,179.4 1 0
smart-company-discovery/internal/clients/google_embedding.go:180.3,180.28 1 0
smart-company-discovery/internal/clients/google_embedding.go:182.2,182.24 1 0
smart-company-discovery/internal/clients/pinecone_client.go:32.71,33.25 1 0
smart-company-discovery/internal/clients/pinecone_client.go:33.25,35.3 1 0
smart-company-discovery/internal/clients/pinecone_client.go:36.2,36.28 1 0
smart-company-discovery/internal/clients/pinecone_client.go:36.28,38.3 1 0
smart-company-discovery/internal/clients/pinecone_client.go:39.2,39.30 1 0
smart-company-discovery/internal/clients/pinecone_client.go:39.30,41.3 1 0
smart-company-discovery/internal/clients/pinecone_client.go:44.2,56.8 2 0
smart-company-discovery/internal/clients/pinecone_client.go:99.126,112.16 3 0
smart-company-discovery/internal/clients/pinecone_client.go:112.16,114.3 1 0
smart-company-discovery/internal/clients/pinecone_client.go:116.2,117.16 2 0
smart-company-discovery/internal/clients/pinecone_client.go:117.16,119.3 1 0
smart-company-discovery/internal/clients/pinecone_client.go:121.2,125.16 4 0
smart-company-discovery/internal/clients/pinecone_client.go:125.16,127.3 1 0
smart-company-discovery/internal/clients/pinecone_client.go:128.2,130.38 2 0
smart-company-discovery/internal/clients/pinecone_client.go:130.38,133.3 2 0
smart-company-discovery/internal/clients/pinecone_client.go:135.2,135.12 1 0
smart-company-discovery/internal/clients/pinecone_client.go:139.110,149.16 3 0
smart-company-discovery/internal/clients/pinecone_client.go:149.16,151.3 1 0
smart-company-discovery/internal/clients/pinecone_client.go:153.2,154.16 2 0
smart-company-discovery/internal/clients/pinecone_client.go:154.16,156.3 1 0
smart-company-discovery/internal/clients/pinecone_client.go:158.2,162.16 4 0
smart-company-discovery/internal/clients/pinecone_client.go:162.16,164.3 1 0
smart-company-discovery/internal/clients/pinecone_client.go:165.2,167.38 2 0
smart-company-discovery/internal/clients/pinecone_client.go:167.38,170.3 2 0
smart-company-discovery/internal/clients/pinecone_client.go:172.2,173.70 2 0
smart-company-discovery/internal/clients/pinecone_client.go:173.70,175.3 1 0
smart-company-discovery/internal/clients/pinecone_client.go:177.2,178.42 2 0
smart-company-discovery/internal/clients/pinecone_client.go:178.42,184.3 1 0
smart-company-discovery/internal/clients/pinecone_client.go:186.2,186.21 1 0
smart-company-discovery/internal/clients/pinecone_client.go:190.75,197.16 3 0
smart-company-discovery/internal/clients/pinecone_client.go:197.16,199.3 1 0
smart-company-discovery/internal/clients/pinecone_client.go:201.2,202.16 2 0
smart-company-discovery/internal/clients/pinecone_client.go:202.16,204.3 1 0
smart-company-discovery/internal/clients/pinecone_client.go:206.2,210.16 4 0
smart-company-discovery/internal/clients/pinecone_client.go:210.16,212.3 1 0
smart-company-discovery/internal/clients/pinecone_client.go:213.2,215.38 2 0
smart-company-discovery/internal/clients/pinecone_client.go:215.38,218.3 2 0
smart-company-discovery/internal/clients/pinecone_client.go:220.2,220.12 1 0
smart-company-discovery/internal/clients/pinecone_mock.go:29.45,33.2 1 0
smart-company-discovery/internal/clients/pinecone_mock.go:36.126,41.2 4 0
smart-company-discovery/internal/clients/pinecone_mock.go:44.110,50.28 5 0
smart-company-discovery/internal/clients/pinecone_mock.go:50.28,51.20 1 0
smart-company-discovery/internal/clients/pinecone_mock.go:51.20,52.9 1 0
smart-company-discovery/internal/clients/pinecone_mock.go:54.3,61.10 2 0
smart-company-discovery/internal/clients/pinecone_mock.go:63.2,63.21 1 0
smart-company-discovery/internal/clients/pinecone_mock.go:67.75,72.2 4 0
smart-company-discovery/internal/models/config.go:33.51,38.2 1 0
smart-company-discovery/internal/models/error.go:45.91,52.2 1 0
smart-company-discovery/internal/models/pagination.go:20.37,25.2 1 0
smart-company-discovery/internal/repository/conversation_repository.go:30.68,32.2 1 6
smart-company-discovery/internal/repository/conversation_repository.go:35.107,38.16 3 7
smart-company-discovery/internal/repository/conversation_repository.go:38.16,40.3 1 0
smart-company-discovery/internal/repository/conversation_repository.go:42.2,48.80 2 7
smart-company-discovery/internal/repository/conversation_repository.go:52.115,58.26 4 18
smart-company-discovery/internal/repository/conversation_repository.go:58.26,60.3 1 2
smart-company-discovery/internal/repository/conversation_repository.go:61.2,61.19 1 16
smart-company-discovery/internal/repository/conversation_repository.go:65.159,66.22 1 1
smart-company-discovery/internal/repository/conversation_repository.go:66.22,68.3 1 1
smart-company-discovery/internal/repository/conversation_repository.go:69.2,69.24 1 1
smart-company-discovery/internal/repository/conversation_repository.go:69.24,71.3 1 0
smart-company-discovery/internal/repository/conversation_repository.go:72.2,72.28 1 1
smart-company-discovery/internal/repository/conversation_repository.go:72.28,74.3 1 1
smart-company-discovery/internal/repository/conversation_repository.go:76.2,79.25 3 1
smart-company-discovery/internal/repository/conversation_repository.go:79.25,81.17 2 0
smart-company-discovery/internal/repository/conversation_repository.go:81.17,83.4 1 0
smart-company-discovery/internal/repository/conversation_repository.go:85.3,85.33 1 0
smart-company-discovery/internal/repository/conversation_repository.go:85.33,87.4 1 0
smart-company-discovery/internal/repository/conversation_repository.go:87.9,89.4 1 0
smart-company-discovery/internal/repository/conversation_repository.go:90.3,90.32 1 0
smart-company-discovery/internal/repository/conversation_repository.go:93.2,94.27 2 1
smart-company-discovery/internal/repository/conversation_repository.go:94.27,96.3 1 0
smart-company-discovery/internal/repository/conversation_repository.go:98.2,99.32 2 1
smart-company-discovery/internal/repository/conversation_repository.go:99.32,101.3 1 0
smart-company-discovery/internal/repository/conversation_repository.go:103.2,117.16 6 1
smart-company-discovery/internal/repository/conversation_repository.go:117.16,119.3 1 0
smart-company-discovery/internal/repository/conversation_repository.go:121.2,122.13 2 1
smart-company-discovery/internal/repository/conversation_repository.go:122.13,124.3 1 0
smart-company-discovery/internal/repository/conversation_repository.go:126.2,126.32 1 1
smart-company-discovery/internal/repository/conversation_repository.go:126.32,127.63 1 0
smart-company-discovery/internal/repository/conversation_repository.go:127.63,129.4 1 0
smart-company-discovery/internal/repository/conversation_repository.go:132.2,134.28 2 1
smart-company-discovery/internal/repository/conversation_repository.go:134.28,139.3 4 1
smart-company-discovery/internal/repository/conversation_repository.go:141.2,141.39 1 1
smart-company-discovery/internal/repository/conversation_repository.go:145.94,149.16 3 1
smart-company-discovery/internal/repository/conversation_repository.go:149.16,151.3 1 0
smart-company-discovery/internal/repository/conversation_repository.go:153.2,154.16 2 1
smart-company-discovery/internal/repository/conversation_repository.go:154.16,156.3 1 0
smart-company-discovery/internal/repository/conversation_repository.go:158.2,158.15 1 1
smart-company-discovery/internal/repository/conversation_repository.go:158.15,160.3 1 0
smart-company-discovery/internal/repository/conversation_repository.go:162.2,162.12 1 1
smart-company-discovery/internal/repository/conversation_repository.go:166.96,169.16 3 15
smart-company-discovery/internal/repository/conversation_repository.go:169.16,171.3 1 0
smart-company-discovery/internal/repository/conversation_repository.go:174.2,175.16 2 15
smart-company-discovery/internal/repository/conversation_repository.go:175.16,177.3 1 0
smart-company-discovery/internal/repository/conversation_repository.go:179.2,186.106 2 15
smart-company-discovery/internal/repository/conversation_repository.go:190.174,191.22 1 7
smart-company-discovery/internal/repository/conversation_repository.go:191.22,193.3 1 4
smart-company-discovery/internal/repository/conversation_repository.go:194.2,194.24 1 7
smart-company-discovery/internal/repository/conversation_repository.go:194.24,196.3 1 0
smart-company-discovery/internal/repository/conversation_repository.go:197.2,197.28 1 7
smart-company-discovery/internal/repository/conversation_repository.go:197.28,199.3 1 7
smart-company-discovery/internal/repository/conversation_repository.go:201.2,204.25 3 7
smart-company-discovery/internal/repository/conversation_repository.go:204.25,206.17 2 1
smart-company-discovery/internal/repository/conversation_repository.go:206.17,208.4 1 0
smart-company-discovery/internal/repository/conversation_repository.go:210.3,210.33 1 1
smart-company-discovery/internal/repository/conversation_repository.go:210.33,212.4 1 0
smart-company-discovery/internal/repository/conversation_repository.go:212.9,214.4 1 1
smart-company-discovery/internal/repository/conversation_repository.go:215.3,215.32 1 1
smart-company-discovery/internal/repository/conversation_repository.go:218.2,219.27 2 7
smart-company-discovery/internal/repository/conversation_repository.go:219.27,221.3 1 1
smart-company-discovery/internal/repository/conversation_repository.go:223.2,224.32 2 7
smart-company-discovery/internal/repository/conversation_repository.go:224.32,226.3 1 0
smart-company-discovery/internal/repository/conversation_repository.go:228.2,241.16 5 7
smart-company-discovery/internal/repository/conversation_repository.go:241.16,243.3 1 0
smart-company-discovery/internal/repository/conversation_repository.go:244.2,247.18 3 7
smart-company-discovery/internal/repository/conversation_repository.go:247.18,252.17 4 12
smart-company-discovery/internal/repository/conversation_repository.go:252.17,254.4 1 0
smart-company-discovery/internal/repository/conversation_repository.go:257.3,257.73 1 12
smart-company-discovery/internal/repository/conversation_repository.go:257.73,259.4 1 0
smart-company-discovery/internal/repository/conversation_repository.go:261.3,261.36 1 12
smart-company-discovery/internal/repository/conversation_repository.go:264.2,265.13 2 7
smart-company-discovery/internal/repository/conversation_repository.go:265.13,267.3 1 2
smart-company-discovery/internal/repository/conversation_repository.go:269.2,269.32 1 7
smart-company-discovery/internal/repository/conversation_repository.go:269.32,270.58 1 0
smart-company-discovery/internal/repository/conversation_repository.go:270.58,272.4 1 0
smart-company-discovery/internal/repository/conversation_repository.go:275.2,277.23 2 7
smart-company-discovery/internal/repository/conversation_repository.go:277.23,282.3 4 5
smart-company-discovery/internal/repository/conversation_repository.go:284.2,284.34 1 7
smart-company-discovery/internal/repository/qa_repository.go:31.48,33.2 1 0
smart-company-discovery/internal/repository/qa_repository.go:36.77,39.16 3 0
smart-company-discovery/internal/repository/qa_repository.go:39.16,41.3 1 0
smart-company-discovery/internal/repository/qa_repository.go:43.2,49.88 2 0
smart-company-discovery/internal/repository/qa_repository.go:53.91,59.26 4 0
smart-company-discovery/internal/repository/qa_repository.go:59.26,61.3 1 0
smart-company-discovery/internal/repository/qa_repository.go:62.2,62.17 1 0
smart-company-discovery/internal/repository/qa_repository.go:66.97,67.19 1 0
smart-company-discovery/internal/repository/qa_repository.go:67.19,69.3 1 0
smart-company-discovery/internal/repository/qa_repository.go:72.2,73.25 2 0
smart-company-discovery/internal/repository/qa_repository.go:73.25,75.3 1 0
smart-company-discovery/internal/repository/qa_repository.go:78.2,79.16 2 0
smart-company-discovery/internal/repository/qa_repository.go:79.16,81.3 1 0
smart-company-discovery/internal/repository/qa_repository.go:83.2,86.21 4 0
smart-company-discovery/internal/repository/qa_repository.go:90.77,99.2 2 0
smart-company-discovery/internal/repository/qa_repository.go:102.72,106.16 3 0
smart-company-discovery/internal/repository/qa_repository.go:106.16,108.3 1 0
smart-company-discovery/internal/repository/qa_repository.go:110.2,111.16 2 0
smart-company-discovery/internal/repository/qa_repository.go:111.16,113.3 1 0
smart-company-discovery/internal/repository/qa_repository.go:115.2,115.15 1 0
smart-company-discovery/internal/repository/qa_repository.go:115.15,117.3 1 0
smart-company-discovery/internal/repository/qa_repository.go:119.2,119.12 1 0
smart-company-discovery/internal/repository/qa_repository.go:123.130,124.22 1 0
smart-company-discovery/internal/repository/qa_repository.go:124.22,126.3 1 0
smart-company-discovery/internal/repository/qa_repository.go:127.2,127.24 1 0
smart-company-discovery/internal/repository/qa_repository.go:127.24,129.3 1 0
smart-company-discovery/internal/repository/qa_repository.go:130.2,130.28 1 0
smart-company-discovery/internal/repository/qa_repository.go:130.28,132.3 1 0
smart-company-discovery/internal/repository/qa_repository.go:134.2,137.25 3 0
smart-company-discovery/internal/repository/qa_repository.go:137.25,139.17 2 0
smart-company-discovery/internal/repository/qa_repository.go:139.17,141.4 1 0
smart-company-discovery/internal/repository/qa_repository.go:143.3,143.33 1 0
smart-company-discovery/internal/repository/qa_repository.go:143.33,145.4 1 0
smart-company-discovery/internal/repository/qa_repository.go:145.9,147.4 1 0
smart-company-discovery/internal/repository/qa_repository.go:148.3,148.32 1 0
smart-company-discovery/internal/repository/qa_repository.go:151.2,152.27 2 0
smart-company-discovery/internal/repository/qa_repository.go:152.27,154.3 1 0
smart-company-discovery/internal/repository/qa_repository.go:156.2,157.32 2 0
smart-company-discovery/internal/repository/qa_repository.go:157.32,159.3 1 0
smart-company-discovery/internal/repository/qa_repository.go:161.2,175.16 6 0
smart-company-discovery/internal/repository/qa_repository.go:175.16,177.3 1 0
smart-company-discovery/internal/repository/qa_repository.go:179.2,180.13 2 0
smart-company-discovery/internal/repository/qa_repository.go:180.13,182.3 1 0
smart-company-discovery/internal/repository/qa_repository.go:184.2,184.32 1 0
smart-company-discovery/internal/repository/qa_repository.go:184.32,185.57 1 0
smart-company-discovery/internal/repository/qa_repository.go:185.57,187.4 1 0
smart-company-discovery/internal/repository/qa_repository.go:190.2,192.22 2 0
smart-company-discovery/internal/repository/qa_repository.go:192.22,197.3 4 0
smart-company-discovery/internal/repository/qa_repository.go:199.2,199.33 1 0
smart-company-discovery/internal/repository/qa_repository.go:203.160,204.22 1 0
smart-company-discovery/internal/repository/qa_repository.go:204.22,206.3 1 0
smart-company-discovery/internal/repository/qa_repository.go:207.2,207.24 1 0
smart-company-discovery/internal/repository/qa_repository.go:207.24,209.3 1 0
smart-company-discovery/internal/repository/qa_repository.go:212.2,224.16 5 0
smart-company-discovery/internal/repository/qa_repository.go:224.16,226.3 1 0
smart-company-discovery/internal/repository/qa_repository.go:228.2,229.13 2 0
smart-company-discovery/internal/repository/qa_repository.go:229.13,231.3 1 0
smart-company-discovery/internal/repository/qa_repository.go:233.2,238.33 2 0
smart-company-discovery/internal/repository/qa_repository.go:242.64,247.2 4 0
smart-company-discovery/internal/service/conversation_service.go:27.93,29.2 1 6
smart-company-discovery/internal/service/conversation_service.go:32.115,38.16 3 7
smart-company-discovery/internal/service/conversation_service.go:38.16,40.3 1 0
smart-company-discovery/internal/service/conversation_service.go:42.2,42.18 1 7
smart-company-discovery/internal/service/conversation_service.go:46.112,48.16 2 2
smart-company-discovery/internal/service/conversation_service.go:48.16,50.3 1 0
smart-company-discovery/internal/service/conversation_service.go:51.2,51.17 1 2
smart-company-discovery/internal/service/conversation_service.go:51.17,53.3 1 1
smart-company-discovery/internal/service/conversation_service.go:54.2,54.18 1 1
smart-company-discovery/internal/service/conversation_service.go:58.156,60.2 1 1
smart-company-discovery/internal/service/conversation_service.go:63.91,65.16 2 1
smart-company-discovery/internal/service/conversation_service.go:65.16,67.3 1 0
smart-company-discovery/internal/service/conversation_service.go:68.2,68.12 1 1
smart-company-discovery/internal/service/conversation_service.go:72.121,74.16 2 16
smart-company-discovery/internal/service/conversation_service.go:74.16,76.3 1 0
smart-company-discovery/internal/service/conversation_service.go:77.2,77.17 1 16
smart-company-discovery/internal/service/conversation_service.go:77.17,79.3 1 1
smart-company-discovery/internal/service/conversation_service.go:81.2,90.16 3 15
smart-company-discovery/internal/service/conversation_service.go:90.16,92.3 1 0
smart-company-discovery/internal/service/conversation_service.go:94.2,94.17 1 15
smart-company-discovery/internal/service/conversation_service.go:98.171,100.2 1 7
smart-company-discovery/internal/service/embedding_service.go:33.123,38.2 1 0
smart-company-discovery/internal/service/embedding_service.go:41.86,48.16 3 0
smart-company-discovery/internal/service/embedding_service.go:48.16,50.3 1 0
smart-company-discovery/internal/service/embedding_service.go:53.2,62.16 3 0
smart-company-discovery/internal/service/embedding_service.go:62.16,64.3 1 0
smart-company-discovery/internal/service/embedding_service.go:66.2,66.12 1 0
smart-company-discovery/internal/service/embedding_service.go:70.87,72.16 2 0
smart-company-discovery/internal/service/embedding_service.go:72.16,74.3 1 0
smart-company-discovery/internal/service/embedding_service.go:75.2,75.12 1 0
smart-company-discovery/internal/service/embedding_service.go:79.99,81.16 2 0
smart-company-discovery/internal/service/embedding_service.go:81.16,83.3 1 0
smart-company-discovery/internal/service/embedding_service.go:84.2,84.23 1 0
smart-company-discovery/internal/service/embedding_service.go:88.124,91.16 2 0
smart-company-discovery/internal/service/embedding_service.go:91.16,93.3 1 0
smart-company-discovery/internal/service/embedding_service.go:96.2,97.16 2 0
smart-company-discovery/internal/service/embedding_service.go:97.16,99.3 1 0
smart-company-discovery/internal/service/embedding_service.go:101.2,101.21 1 0
smart-company-discovery/internal/service/qa_service.go:37.129,43.2 1 0
smart-company-discovery/internal/service/qa_service.go:46.103,54.16 3 0
smart-company-discovery/internal/service/qa_service.go:54.16,56.3 1 0
smart-company-discovery/internal/service/qa_service.go:59.2,59.31 1 0
smart-company-discovery/internal/service/qa_service.go:59.31,61.17 2 0
smart-company-discovery/internal/service/qa_service.go:61.17,65.4 1 0
smart-company-discovery/internal/service/qa_service.go:68.2,68.16 1 0
smart-company-discovery/internal/service/qa_service.go:72.86,74.16 2 0
smart-company-discovery/internal/service/qa_service.go:74.16,76.3 1 0
smart-company-discovery/internal/service/qa_service.go:77.2,77.15 1 0
smart-company-discovery/internal/service/qa_service.go:77.15,79.3 1 0
smart-company-discovery/internal/service/qa_service.go:80.2,80.16 1 0
smart-company-discovery/internal/service/qa_service.go:84.117,86.16 2 0
smart-company-discovery/internal/service/qa_service.go:86.16,88.3 1 0
smart-company-discovery/internal/service/qa_service.go:89.2,89.21 1 0
smart-company-discovery/internal/service/qa_service.go:89.21,91.3 1 0
smart-company-discovery/internal/service/qa_service.go:93.2,98.16 4 0
smart-company-discovery/internal/service/qa_service.go:98.16,100.3 1 0
smart-company-discovery/internal/service/qa_service.go:103.2,103.31 1 0
smart-company-discovery/internal/service/qa_service.go:103.31,105.17 2 0
smart-company-discovery/internal/service/qa_service.go:105.17,108.4 1 0
smart-company-discovery/internal/service/qa_service.go:111.2,111.22 1 0
smart-company-discovery/internal/service/qa_service.go:115.71,118.16 2 0
smart-company-discovery/internal/service/qa_service.go:118.16,120.3 1 0
smart-company-discovery/internal/service/qa_service.go:123.2,123.31 1 0
smart-company-discovery/internal/service/qa_service.go:123.31,125.17 2 0
smart-company-discovery/internal/service/qa_service.go:125.17,128.4 1 0
smart-company-discovery/internal/service/qa_service.go:131.2,131.12 1 0
smart-company-discovery/internal/service/qa_service.go:135.129,137.2 1 0
smart-company-discovery/internal/service/qa_service.go:140.145,142.2 1 0
smart-company-discovery/internal/service/qa_service.go:145.119,147.16 2 0
smart-company-discovery/internal/service/qa_service.go:147.16,149.3 1 0
smart-company-discovery/internal/service/qa_service.go:151.2,154.32 3 0
smart-company-discovery/internal/service/qa_service.go:154.32,156.17 2 0
smart-company-discovery/internal/service/qa_service.go:156.17,157.12 1 0
smart-company-discovery/internal/service/qa_service.go:159.3,160.29 2 0
smart-company-discovery/internal/service/qa_service.go:163.2,164.16 2 0
smart-company-discovery/internal/service/qa_service.go:164.16,166.3 1 0
smart-company-discovery/internal/service/qa_service.go:168.2,169.29 2 0
smart-company-discovery/internal/service/qa_service.go:169.29,174.3 1 0
smart-company-discovery/internal/service/qa_service.go:176.2,176.21 1 0
smart-company-discovery/internal/service/qa_service.go:180.96,182.2 1 0
smart-company-discovery/internal/service/qa_service.go:185.129,192.16 3 0
smart-company-discovery/internal/service/qa_service.go:192.16,194.3 1 0
smart-company-discovery/internal/service/qa_service.go:196.2,203.16 3 0
smart-company-discovery/internal/service/qa_service.go:203.16,205.3 1 0
smart-company-discovery/internal/service/qa_service.go:207.2,207.16 1 0
smart-company-discovery/internal/service/qa_service.go:211.129,213.16 2 0
smart-company-discovery/internal/service/qa_service.go:213.16,215.3 1 0
smart-company-discovery/internal/service/qa_service.go:216.2,216.21 1 0
smart-company-discovery/internal/service/qa_service.go:216.21,218.3 1 0
smart-company-discovery/internal/service/qa_service.go:220.2,224.16 4 0
smart-company-discovery/internal/service/qa_service.go:224.16,226.3 1 0
smart-company-discovery/internal/service/qa_service.go:228.2,235.16 3 0
smart-company-discovery/internal/service/qa_service.go:235.16,237.3 1 0
smart-company-discovery/internal/service/qa_service.go:239.2,239.22 1 0
smart-company-discovery/internal/service/qa_service.go:243.112,247.16 3 0
smart-company-discovery/internal/service/qa_service.go:247.16,249.3 1 0
smart-company-discovery/internal/service/qa_service.go:250.2,252.31 2 0
smart-company-discovery/internal/service/qa_service.go:252.31,254.17 2 0
smart-company-discovery/internal/service/qa_service.go:254.17,256.4 1 0
smart-company-discovery/internal/service/qa_service.go:256.9,258.4 1 0
smart-company-discovery/internal/service/qa_service.go:259.8,261.17 2 0
smart-company-discovery/internal/service/qa_service.go:261.17,263.4 1 0
smart-company-discovery/internal/service/qa_service.go:263.9,265.4 1 0
smart-company-discovery/internal/service/qa_service.go:268.2,269.22 2 0
smart-company-discovery/internal/service/qa_service.go:273.120,274.31 1 0
smart-company-discovery/internal/service/qa_service.go:274.31,276.3 1 0
smart-company-discovery/internal/service/qa_service.go:279.2,280.16 2 0
smart-company-discovery/internal/service/qa_service.go:280.16,282.3 1 0
smart-company-discovery/internal/service/qa_service.go:285.2,288.32 3 0
smart-company-discovery/internal/service/qa_service.go:288.32,290.17 2 0
smart-company-discovery/internal/service/qa_service.go:290.17,291.12 1 0
smart-company-discovery/internal/service/qa_service.go:293.3,294.29 2 0
smart-company-discovery/internal/service/qa_service.go:298.2,299.16 2 0
smart-company-discovery/internal/service/qa_service.go:299.16,301.3 1 0
smart-company-discovery/internal/service/qa_service.go:304.2,305.29 2 0
smart-company-discovery/internal/service/qa_service.go:305.29,310.3 1 0
smart-company-discovery/internal/service/qa_service.go:312.2,312.21 1 0
smart-company-discovery/internal/testutil/db.go:14.13,15.25 1 1
smart-company-discovery/internal/testutil/db.go:15.25,20.3 1 1
smart-company-discovery/internal/testutil/db.go:34.53,36.16 2 6
smart-company-discovery/internal/testutil/db.go:36.16,38.3 1 0
smart-company-discovery/internal/testutil/db.go:39.2,39.40 1 6
smart-company-discovery/internal/api/handlers/conversation_handler.go:16.91,18.2 1 0
smart-company-discovery/internal/api/handlers/conversation_handler.go:21.66,23.47 2 0
smart-company-discovery/internal/api/handlers/conversation_handler.go:23.47,26.3 2 0
smart-company-discovery/internal/api/handlers/conversation_handler.go:28.2,29.16 2 0
smart-company-discovery/internal/api/handlers/conversation_handler.go:29.16,32.3 2 0
smart-company-discovery/internal/api/handlers/conversation_handler.go:34.2,34.84 1 0
smart-company-discovery/internal/api/handlers/conversation_handler.go:38.63,41.16 3 0
smart-company-discovery/internal/api/handlers/conversation_handler.go:41.16,44.3 2 0
smart-company-discovery/internal/api/handlers/conversation_handler.go:46.2,47.16 2 0
smart-company-discovery/internal/api/handlers/conversation_handler.go:47.16,50.3 2 0
smart-company-discovery/internal/api/handlers/conversation_handler.go:52.2,52.29 1 0
smart-company-discovery/internal/api/handlers/conversation_handler.go:56.65,58.51 2 0
smart-company-discovery/internal/api/handlers/conversation_handler.go:58.51,61.3 2 0
smart-company-discovery/internal/api/handlers/conversation_handler.go:63.2,64.16 2 0
smart-company-discovery/internal/api/handlers/conversation_handler.go:64.16,67.3 2 0
smart-company-discovery/internal/api/handlers/conversation_handler.go:69.2,72.4 1 0
smart-company-discovery/internal/api/handlers/conversation_handler.go:76.66,79.16 3 0
smart-company-discovery/internal/api/handlers/conversation_handler.go:79.16,82.3 2 0
smart-company-discovery/internal/api/handlers/conversation_handler.go:84.2,85.16 2 0
smart-company-discovery/internal/api/handlers/conversation_handler.go:85.16,88.3 2 0
smart-company-discovery/internal/api/handlers/conversation_handler.go:90.2,90.47 1 0
smart-company-discovery/internal/api/handlers/conversation_handler.go:94.58,97.16 3 0
smart-company-discovery/internal/api/handlers/conversation_handler.go:97.16,100.3 2 0
smart-company-discovery/internal/api/handlers/conversation_handler.go:102.2,103.47 2 0
smart-company-discovery/internal/api/handlers/conversation_handler.go:103.47,106.3 2 0
smart-company-discovery/internal/api/handlers/conversation_handler.go:108.2,111.16 3 0
smart-company-discovery/internal/api/handlers/conversation_handler.go:111.16,114.3 2 0
smart-company-discovery/internal/api/handlers/conversation_handler.go:116.2,116.73 1 0
smart-company-discovery/internal/api/handlers/conversation_handler.go:120.59,123.16 3 0
smart-company-discovery/internal/api/handlers/conversation_handler.go:123.16,126.3 2 0
smart-company-discovery/internal/api/handlers/conversation_handler.go:128.2,129.51 2 0
smart-company-discovery/internal/api/handlers/conversation_handler.go:129.51,132.3 2 0
smart-company-discovery/internal/api/handlers/conversation_handler.go:134.2,135.16 2 0
smart-company-discovery/internal/api/handlers/conversation_handler.go:135.16,138.3 2 0
smart-company-discovery/internal/api/handlers/conversation_handler.go:140.2,143.4 1 0
smart-company-discovery/internal/api/handlers/conversation_handler.go:147.85,149.27 2 0
smart-company-discovery/internal/api/handlers/conversation_handler.go:149.27,151.3 1 0
smart-company-discovery/internal/api/handlers/conversation_handler.go:152.2,152.15 1 0
smart-company-discovery/internal/api/handlers/conversation_handler.go:155.70,157.27 2 0
smart-company-discovery/internal/api/handlers/conversation_handler.go:157.27,159.3 1 0
smart-company-discovery/internal/api/handlers/conversation_handler.go:160.2,160.15 1 0
smart-company-discovery/internal/api/handlers/qa_handler.go:18.59,20.2 1 10
smart-company-discovery/internal/api/handlers/qa_handler.go:23.46,25.47 2 22
smart-company-discovery/internal/api/handlers/qa_handler.go:25.47,28.25 2 2
smart-company-discovery/internal/api/handlers/qa_handler.go:28.25,30.4 1 1
smart-company-discovery/internal/api/handlers/qa_handler.go:30.9,30.30 1 1
smart-company-discovery/internal/api/handlers/qa_handler.go:30.30,32.4 1 1
smart-company-discovery/internal/api/handlers/qa_handler.go:33.3,34.9 2 2
smart-company-discovery/internal/api/handlers/qa_handler.go:37.2,38.16 2 20
smart-company-discovery/internal/api/handlers/qa_handler.go:38.16,41.3 2 0
smart-company-discovery/internal/api/handlers/qa_handler.go:43.2,43.66 1 20
smart-company-discovery/internal/api/handlers/qa_handler.go:47.43,50.16 3 11
smart-company-discovery/internal/api/handlers/qa_handler.go:50.16,53.3 2 1
smart-company-discovery/internal/api/handlers/qa_handler.go:55.2,56.16 2 10
smart-company-discovery/internal/api/handlers/qa_handler.go:56.16,59.3 2 2
smart-company-discovery/internal/api/handlers/qa_handler.go:61.2,61.45 1 8
smart-company-discovery/internal/api/handlers/qa_handler.go:65.44,67.51 2 11
smart-company-discovery/internal/api/handlers/qa_handler.go:67.51,70.3 2 0
smart-company-discovery/internal/api/handlers/qa_handler.go:73.2,73.25 1 11
smart-company-discovery/internal/api/handlers/qa_handler.go:73.25,75.17 2 3
smart-company-discovery/internal/api/handlers/qa_handler.go:75.17,78.4 2 0
smart-company-discovery/internal/api/handlers/qa_handler.go:80.3,84.9 2 3
smart-company-discovery/internal/api/handlers/qa_handler.go:87.2,88.16 2 8
smart-company-discovery/internal/api/handlers/qa_handler.go:88.16,91.3 2 0
smart-company-discovery/internal/api/handlers/qa_handler.go:93.2,96.4 1 8
smart-company-discovery/internal/api/handlers/qa_handler.go:100.46,103.16 3 5
smart-company-discovery/internal/api/handlers/qa_handler.go:103.16,106.3 2 0
smart-company-discovery/internal/api/handlers/qa_handler.go:108.2,109.47 2 5
smart-company-discovery/internal/api/handlers/qa_handler.go:109.47,112.3 2 0
smart-company-discovery/internal/api/handlers/qa_handler.go:114.2,115.16 2 5
smart-company-discovery/internal/api/handlers/qa_handler.go:115.16,118.83 2 1
smart-company-discovery/internal/api/handlers/qa_handler.go:118.83,121.4 2 1
smart-company-discovery/internal/api/handlers/qa_handler.go:122.3,123.9 2 0
smart-company-discovery/internal/api/handlers/qa_handler.go:126.2,126.61 1 4
smart-company-discovery/internal/api/handlers/qa_handler.go:130.46,133.16 3 4
smart-company-discovery/internal/api/handlers/qa_handler.go:133.16,136.3 2 1
smart-company-discovery/internal/api/handlers/qa_handler.go:138.2,139.16 2 3
smart-company-discovery/internal/api/handlers/qa_handler.go:139.16,142.83 2 1
smart-company-discovery/internal/api/handlers/qa_handler.go:142.83,145.4 2 1
smart-company-discovery/internal/api/handlers/qa_handler.go:146.3,147.9 2 0
smart-company-discovery/internal/api/handlers/qa_handler.go:150.2,150.73 1 2
smart-company-discovery/internal/api/handlers/qa_handler.go:154.67,156.27 2 11
smart-company-discovery/internal/api/handlers/qa_handler.go:156.27,158.3 1 59
smart-company-discovery/internal/api/handlers/qa_handler.go:159.2,159.15 1 11
smart-company-discovery/internal/clients/google_embedding.go:34.107,35.24 1 0
smart-company-discovery/internal/clients/google_embedding.go:35.24,37.3 1 0
smart-company-discovery/internal/clients/google_embedding.go:38.2,38.27 1 0
smart-company-discovery/internal/clients/google_embedding.go:38.27,40.3 1 0
smart-company-discovery/internal/clients/google_embedding.go:42.2,43.25 2 0
smart-company-discovery/internal/clients/google_embedding.go:43.25,45.3 1 0
smart-company-discovery/internal/clients/google_embedding.go:47.2,48.16 2 0
smart-company-discovery/internal/clients/google_embedding.go:48.16,50.3 1 0
smart-company-discovery/internal/clients/google_embedding.go:52.2,57.8 1 0
smart-company-discovery/internal/clients/google_embedding.go:61.104,63.16 2 0
smart-company-discovery/internal/clients/google_embedding.go:63.16,65.3 1 0
smart-company-discovery/internal/clients/google_embedding.go:66.2,66.26 1 0
smart-company-discovery/internal/clients/google_embedding.go:66.26,68.3 1 0
smart-company-discovery/internal/clients/google_embedding.go:69.2,69.27 1 0
smart-company-discovery/internal/clients/google_embedding.go:73.115,74.21 1 0
smart-company-discovery/internal/clients/google_embedding.go:74.21,76.3 1 0
smart-company-discovery/internal/clients/google_embedding.go:79.2,83.29 3 0
smart-company-discovery/internal/clients/google_embedding.go:83.29,91.3 1 0
smart-company-discovery/internal/clients/google_embedding.go:93.2,98.16 3 0
smart-company-discovery/internal/clients/google_embedding.go:98.16,100.3 1 0
smart-company-discovery/internal/clients/google_embedding.go:102.2,103.46 2 0
smart-company-discovery/internal/clients/google_embedding.go:103.46,104.22 1 0
smart-company-discovery/internal/clients/google_embedding.go:104.22,105.9 1 0
smart-company-discovery/internal/clients/google_embedding.go:109.3,110.10 2 0
smart-company-discovery/internal/clients/google_embedding.go:110.10,112.4 1 0
smart-company-discovery/internal/clients/google_embedding.go:114.3,115.10 2 0
smart-company-discovery/internal/clients/google_embedding.go:115.10,117.4 1 0
smart-company-discovery/internal/clients/google_embedding.go:119.3,120.10 2 0
smart-company-discovery/internal/clients/google_embedding.go:120.10,122.4 1 0
smart-company-discovery/internal/clients/google_embedding.go:124.3,125.10 2 0
smart-company-discovery/internal/clients/google_embedding.go:125.10,127.4 1 0
smart-company-discovery/internal/clients/google_embedding.go:129.3,130.10 2 0
smart-company-discovery/internal/clients/google_embedding.go:130.10,132.4 1 0
smart-company-discovery/internal/clients/google_embedding.go:134.3,135.35 2 0
smart-company-discovery/internal/clients/google_embedding.go:135.35,137.11 2 0
smart-company-discovery/internal/clients/google_embedding.go:137.11,139.5 1 0
smart-company-discovery/internal/clients/google_embedding.go:140.4,140.36 1 0
smart-company-discovery/internal/clients/google_embedding.go:143.3,143.28 1 0
smart-company-discovery/internal/clients/google_embedding.go:146.2,146.24 1 0
smart-company-discovery/internal/clients/google_embedding.go:155.60,156.20 1 0
smart-company-discovery/internal/clients/google_embedding.go:156.20,158.3 1 0
smart-company-discovery/internal/clients/google_embedding.go:159.2,159.51 1 0
smart-company-discovery/internal/clients/google_embedding.go:163.102,166.27 2 0
smart-company-discovery/internal/clients/google_embedding.go:166.27,168.3 1 0
smart-company-discovery/internal/clients/google_embedding.go:169.2,169.23 1 0
smart-company-discovery/internal/clients/google_embedding.go:173.113,175.29 2 0
smart-company-discovery/internal/clients/google_embedding.go:175.29,177.17 2 0
smart-company-discovery/internal/clients/google_embedding.go:177.17,179.4 1 0
smart-company-discovery/internal/clients/google_embedding.go:180.3,180.28 1 0
smart-company-discovery/internal/clients/google_embedding.go:182.2,182.24 1 0
smart-company-discovery/internal/clients/pinecone_client.go:32.71,33.25 1 0
smart-company-discovery/internal/clients/pinecone_client.go:33.25,35.3 1 0
smart-company-discovery/internal/clients/pinecone_client.go:36.2,36.28 1 0
smart-company-discovery/internal/clients/pinecone_client.go:36.28,38.3 1 0
smart-company-discovery/internal/clients/pinecone_client.go:39.2,39.30 1 0
smart-company-discovery/internal/clients/pinecone_client.go:39.30,41.3 1 0
smart-company-discovery/internal/clients/pinecone_client.go:44.2,56.8 2 0
smart-company-discovery/internal/clients/pinecone_client.go:99.126,112.16 3 0
smart-company-discovery/internal/clients/pinecone_client.go:112.16,114.3 1 0
smart-company-discovery/internal/clients/pinecone_client.go:116.2,117.16 2 0
smart-company-discovery/internal/clients/pinecone_client.go:117.16,119.3 1 0
smart-company-discovery/internal/clients/pinecone_client.go:121.2,125.16 4 0
smart-company-discovery/internal/clients/pinecone_client.go:125.16,127.3 1 0
smart-company-discovery/internal/clients/pinecone_client.go:128.2,130.38 2 0
smart-company-discovery/internal/clients/pinecone_client.go:130.38,133.3 2 0
smart-company-discovery/internal/clients/pinecone_client.go:135.2,135.12 1 0
smart-company-discovery/internal/clients/pinecone_client.go:139.110,149.16 3 0
smart-company-discovery/internal/clients/pinecone_client.go:149.16,151.3 1 0
smart-company-discovery/internal/clients/pinecone_client.go:153.2,154.16 2 0
smart-company-discovery/internal/clients/pinecone_client.go:154.16,156.3 1 0
smart-company-discovery/internal/clients/pinecone_client.go:158.2,162.16 4 0
smart-company-discovery/internal/clients/pinecone_client.go:162.16,164.3 1 0
smart-company-discovery/internal/clients/pinecone_client.go:165.2,167.38 2 0
smart-company-discovery/internal/clients/pinecone_client.go:167.38,170.3 2 0
smart-company-discovery/internal/clients/pinecone_client.go:172.2,173.70 2 0
smart-company-discovery/internal/clients/pinecone_client.go:173.70,175.3 1 0
smart-company-discovery/internal/clients/pinecone_client.go:177.2,178.42 2 0
smart-company-discovery/internal/clients/pinecone_client.go:178.42,184.3 1 0
smart-company-discovery/internal/clients/pinecone_client.go:186.2,186.21 1 0
smart-company-discovery/internal/clients/pinecone_client.go:190.75,197.16 3 0
smart-company-discovery/internal/clients/pinecone_client.go:197.16,199.3 1 0
smart-company-discovery/internal/clients/pinecone_client.go:201.2,202.16 2 0
smart-company-discovery/internal/clients/pinecone_client.go:202.16,204.3 1 0
smart-company-discovery/internal/clients/pinecone_client.go:206.2,210.16 4 0
smart-company-discovery/internal/clients/pinecone_client.go:210.16,212.3 1 0
smart-company-discovery/internal/clients/pinecone_client.go:213.2,215.38 2 0
smart-company-discovery/internal/clients/pinecone_client.go:215.38,218.3 2 0
smart-company-discovery/internal/clients/pinecone_client.go:220.2,220.12 1 0
smart-company-discovery/internal/clients/pinecone_mock.go:29.45,33.2 1 10
smart-company-discovery/internal/clients/pinecone_mock.go:36.126,41.2 4 0
smart-company-discovery/internal/clients/pinecone_mock.go:44.110,50.28 5 0
smart-company-discovery/internal/clients/pinecone_mock.go:50.28,51.20 1 0
smart-company-discovery/internal/clients/pinecone_mock.go:51.20,52.9 1 0
smart-company-discovery/internal/clients/pinecone_mock.go:54.3,61.10 2 0
smart-company-discovery/internal/clients/pinecone_mock.go:63.2,63.21 1 0
smart-company-discovery/internal/clients/pinecone_mock.go:67.75,72.2 4 0
smart-company-discovery/internal/models/config.go:33.51,38.2 1 0
smart-company-discovery/internal/models/error.go:45.91,52.2 1 0
smart-company-discovery/internal/models/pagination.go:20.37,25.2 1 0
smart-company-discovery/internal/repository/conversation_repository.go:30.68,32.2 1 0
smart-company-discovery/internal/repository/conversation_repository.go:35.107,38.16 3 0
smart-company-discovery/internal/repository/conversation_repository.go:38.16,40.3 1 0
smart-company-discovery/internal/repository/conversation_repository.go:42.2,48.80 2 0
smart-company-discovery/internal/repository/conversation_repository.go:52.115,58.26 4 0
smart-company-discovery/internal/repository/conversation_repository.go:58.26,60.3 1 0
smart-company-discovery/internal/repository/conversation_repository.go:61.2,61.19 1 0
smart-company-discovery/internal/repository/conversation_repository.go:65.159,66.22 1 0
smart-company-discovery/internal/repository/conversation_repository.go:66.22,68.3 1 0
smart-company-discovery/internal/repository/conversation_repository.go:69.2,69.24 1 0
smart-company-discovery/internal/repository/conversation_repository.go:69.24,71.3 1 0
smart-company-discovery/internal/repository/conversation_repository.go:72.2,72.28 1 0
smart-company-discovery/internal/repository/conversation_repository.go:72.28,74.3 1 0
smart-company-discovery/internal/repository/conversation_repository.go:76.2,79.25 3 0
smart-company-discovery/internal/repository/conversation_repository.go:79.25,81.17 2 0
smart-company-discovery/internal/repository/conversation_repository.go:81.17,83.4 1 0
smart-company-discovery/internal/repository/conversation_repository.go:85.3,85.33 1 0
smart-company-discovery/internal/repository/conversation_repository.go:85.33,87.4 1 0
smart-company-discovery/internal/repository/conversation_repository.go:87.9,89.4 1 0
smart-company-discovery/internal/repository/conversation_repository.go:90.3,90.32 1 0
smart-company-discovery/internal/repository/conversation_repository.go:93.2,94.27 2 0
smart-company-discovery/internal/repository/conversation_repository.go:94.27,96.3 1 0
smart-company-discovery/internal/repository/conversation_repository.go:98.2,99.32 2 0
smart-company-discovery/internal/repository/conversation_repository.go:99.32,101.3 1 0
smart-company-discovery/internal/repository/conversation_repository.go:103.2,117.16 6 0
smart-company-discovery/internal/repository/conversation_repository.go:117.16,119.3 1 0
smart-company-discovery/internal/repository/conversation_repository.go:121.2,122.13 2 0
smart-company-discovery/internal/repository/conversation_repository.go:122.13,124.3 1 0
smart-company-discovery/internal/repository/conversation_repository.go:126.2,126.32 1 0
smart-company-discovery/internal/repository/conversation_repository.go:126.32,127.63 1 0
smart-company-discovery/internal/repository/conversation_repository.go:127.63,129.4 1 0
smart-company-discovery/internal/repository/conversation_repository.go:132.2,134.28 2 0
smart-company-discovery/internal/repository/conversation_repository.go:134.28,139.3 4 0
smart-company-discovery/internal/repository/conversation_repository.go:141.2,141.39 1 0
smart-company-discovery/internal/repository/conversation_repository.go:145.94,149.16 3 0
smart-company-discovery/internal/repository/conversation_repository.go:149.16,151.3 1 0
smart-company-discovery/internal/repository/conversation_repository.go:153.2,154.16 2 0
smart-company-discovery/internal/repository/conversation_repository.go:154.16,156.3 1 0
smart-company-discovery/internal/repository/conversation_repository.go:158.2,158.15 1 0
smart-company-discovery/internal/repository/conversation_repository.go:158.15,160.3 1 0
smart-company-discovery/internal/repository/conversation_repository.go:162.2,162.12 1 0
smart-company-discovery/internal/repository/conversation_repository.go:166.96,169.16 3 0
smart-company-discovery/internal/repository/conversation_repository.go:169.16,171.3 1 0
smart-company-discovery/internal/repository/conversation_repository.go:174.2,175.16 2 0
smart-company-discovery/internal/repository/conversation_repository.go:175.16,177.3 1 0
smart-company-discovery/internal/repository/conversation_repository.go:179.2,186.106 2 0
smart-company-discovery/internal/repository/conversation_repository.go:190.174,191.22 1 0
smart-company-discovery/internal/repository/conversation_repository.go:191.22,193.3 1 0
smart-company-discovery/internal/repository/conversation_repository.go:194.2,194.24 1 0
smart-company-discovery/internal/repository/conversation_repository.go:194.24,196.3 1 0
smart-company-discovery/internal/repository/conversation_repository.go:197.2,197.28 1 0
smart-company-discovery/internal/repository/conversation_repository.go:197.28,199.3 1 0
smart-company-discovery/internal/repository/conversation_repository.go:201.2,204.25 3 0
smart-company-discovery/internal/repository/conversation_repository.go:204.25,206.17 2 0
smart-company-discovery/internal/repository/conversation_repository.go:206.17,208.4 1 0
smart-company-discovery/internal/repository/conversation_repository.go:210.3,210.33 1 0
smart-company-discovery/internal/repository/conversation_repository.go:210.33,212.4 1 0
smart-company-discovery/internal/repository/conversation_repository.go:212.9,214.4 1 0
smart-company-discovery/internal/repository/conversation_repository.go:215.3,215.32 1 0
smart-company-discovery/internal/repository/conversation_repository.go:218.2,219.27 2 0
smart-company-discovery/internal/repository/conversation_repository.go:219.27,221.3 1 0
smart-company-discovery/internal/repository/conversation_repository.go:223.2,224.32 2 0
smart-company-discovery/internal/repository/conversation_repository.go:224.32,226.3 1 0
smart-company-discovery/internal/repository/conversation_repository.go:228.2,241.16 5 0
smart-company-discovery/internal/repository/conversation_repository.go:241.16,243.3 1 0
smart-company-discovery/internal/repository/conversation_repository.go:244.2,247.18 3 0
smart-company-discovery/internal/repository/conversation_repository.go:247.18,252.17 4 0
smart-company-discovery/internal/repository/conversation_repository.go:252.17,254.4 1 0
smart-company-discovery/internal/repository/conversation_repository.go:257.3,257.73 1 0
smart-company-discovery/internal/repository/conversation_repository.go:257.73,259.4 1 0
smart-company-discovery/internal/repository/conversation_repository.go:261.3,261.36 1 0
smart-company-discovery/internal/repository/conversation_repository.go:264.2,265.13 2 0
smart-company-discovery/internal/repository/conversation_repository.go:265.13,267.3 1 0
smart-company-discovery/internal/repository/conversation_repository.go:269.2,269.32 1 0
smart-company-discovery/internal/repository/conversation_repository.go:269.32,270.58 1 0
smart-company-discovery/internal/repository/conversation_repository.go:270.58,272.4 1 0
smart-company-discovery/internal/repository/conversation_repository.go:275.2,277.23 2 0
smart-company-discovery/internal/repository/conversation_repository.go:277.23,282.3 4 0
smart-company-discovery/internal/repository/conversation_repository.go:284.2,284.34 1 0
smart-company-discovery/internal/repository/qa_repository.go:31.48,33.2 1 10
smart-company-discovery/internal/repository/qa_repository.go:36.77,39.16 3 20
smart-company-discovery/internal/repository/qa_repository.go:39.16,41.3 1 0
smart-company-discovery/internal/repository/qa_repository.go:43.2,49.88 2 20
smart-company-discovery/internal/repository/qa_repository.go:53.91,59.26 4 15
smart-company-discovery/internal/repository/qa_repository.go:59.26,61.3 1 3
smart-company-discovery/internal/repository/qa_repository.go:62.2,62.17 1 12
smart-company-discovery/internal/repository/qa_repository.go:66.97,67.19 1 0
smart-company-discovery/internal/repository/qa_repository.go:67.19,69.3 1 0
smart-company-discovery/internal/repository/qa_repository.go:72.2,73.25 2 0
smart-company-discovery/internal/repository/qa_repository.go:73.25,75.3 1 0
smart-company-discovery/internal/repository/qa_repository.go:78.2,79.16 2 0
smart-company-discovery/internal/repository/qa_repository.go:79.16,81.3 1 0
smart-company-discovery/internal/repository/qa_repository.go:83.2,86.21 4 0
smart-company-discovery/internal/repository/qa_repository.go:90.77,99.2 2 4
smart-company-discovery/internal/repository/qa_repository.go:102.72,106.16 3 3
smart-company-discovery/internal/repository/qa_repository.go:106.16,108.3 1 0
smart-company-discovery/internal/repository/qa_repository.go:110.2,111.16 2 3
smart-company-discovery/internal/repository/qa_repository.go:111.16,113.3 1 0
smart-company-discovery/internal/repository/qa_repository.go:115.2,115.15 1 3
smart-company-discovery/internal/repository/qa_repository.go:115.15,117.3 1 1
smart-company-discovery/internal/repository/qa_repository.go:119.2,119.12 1 2
smart-company-discovery/internal/repository/qa_repository.go:123.130,124.22 1 8
smart-company-discovery/internal/repository/qa_repository.go:124.22,126.3 1 5
smart-company-discovery/internal/repository/qa_repository.go:127.2,127.24 1 8
smart-company-discovery/internal/repository/qa_repository.go:127.24,129.3 1 0
smart-company-discovery/internal/repository/qa_repository.go:130.2,130.28 1 8
smart-company-discovery/internal/repository/qa_repository.go:130.28,132.3 1 8
smart-company-discovery/internal/repository/qa_repository.go:134.2,137.25 3 8
smart-company-discovery/internal/repository/qa_repository.go:137.25,139.17 2 1
smart-company-discovery/internal/repository/qa_repository.go:139.17,141.4 1 0
smart-company-discovery/internal/repository/qa_repository.go:143.3,143.33 1 1
smart-company-discovery/internal/repository/qa_repository.go:143.33,145.4 1 0
smart-company-discovery/internal/repository/qa_repository.go:145.9,147.4 1 1
smart-company-discovery/internal/repository/qa_repository.go:148.3,148.32 1 1
smart-company-discovery/internal/repository/qa_repository.go:151.2,152.27 2 8
smart-company-discovery/internal/repository/qa_repository.go:152.27,154.3 1 1
smart-company-discovery/internal/repository/qa_repository.go:156.2,157.32 2 8
smart-company-discovery/internal/repository/qa_repository.go:157.32,159.3 1 0
smart-company-discovery/internal/repository/qa_repository.go:161.2,175.16 6 8
smart-company-discovery/internal/repository/qa_repository.go:175.16,177.3 1 0
smart-company-discovery/internal/repository/qa_repository.go:179.2,180.13 2 8
smart-company-discovery/internal/repository/qa_repository.go:180.13,182.3 1 8
smart-company-discovery/internal/repository/qa_repository.go:184.2,184.32 1 8
smart-company-discovery/internal/repository/qa_repository.go:184.32,185.57 1 0
smart-company-discovery/internal/repository/qa_repository.go:185.57,187.4 1 0
smart-company-discovery/internal/repository/qa_repository.go:190.2,192.22 2 8
smart-company-discovery/internal/repository/qa_repository.go:192.22,197.3 4 8
smart-company-discovery/internal/repository/qa_repository.go:199.2,199.33 1 8
smart-company-discovery/internal/repository/qa_repository.go:203.160,204.22 1 3
smart-company-discovery/internal/repository/qa_repository.go:204.22,206.3 1 3
smart-company-discovery/internal/repository/qa_repository.go:207.2,207.24 1 3
smart-company-discovery/internal/repository/qa_repository.go:207.24,209.3 1 0
smart-company-discovery/internal/repository/qa_repository.go:212.2,224.16 5 3
smart-company-discovery/internal/repository/qa_repository.go:224.16,226.3 1 0
smart-company-discovery/internal/repository/qa_repository.go:228.2,229.13 2 3
smart-company-discovery/internal/repository/qa_repository.go:229.13,231.3 1 0
smart-company-discovery/internal/repository/qa_repository.go:233.2,238.33 2 3
smart-company-discovery/internal/repository/qa_repository.go:242.64,247.2 4 0
smart-company-discovery/internal/service/conversation_service.go:27.93,29.2 1 0
smart-company-discovery/internal/service/conversation_service.go:32.115,38.16 3 0
smart-company-discovery/internal/service/conversation_service.go:38.16,40.3 1 0
smart-company-discovery/internal/service/conversation_service.go:42.2,42.18 1 0
smart-company-discovery/internal/service/conversation_service.go:46.112,48.16 2 0
smart-company-discovery/internal/service/conversation_service.go:48.16,50.3 1 0
smart-company-discovery/internal/service/conversation_service.go:51.2,51.17 1 0
smart-company-discovery/internal/service/conversation_service.go:51.17,53.3 1 0
smart-company-discovery/internal/service/conversation_service.go:54.2,54.18 1 0
smart-company-discovery/internal/service/conversation_service.go:58.156,60.2 1 0
smart-company-discovery/internal/service/conversation_service.go:63.91,65.16 2 0
smart-company-discovery/internal/service/conversation_service.go:65.16,67.3 1 0
smart-company-discovery/internal/service/conversation_service.go:68.2,68.12 1 0
smart-company-discovery/internal/service/conversation_service.go:72.121,74.16 2 0
smart-company-discovery/internal/service/conversation_service.go:74.16,76.3 1 0
smart-company-discovery/internal/service/conversation_service.go:77.2,77.17 1 0
smart-company-discovery/internal/service/conversation_service.go:77.17,79.3 1 0
smart-company-discovery/internal/service/conversation_service.go:81.2,90.16 3 0
smart-company-discovery/internal/service/conversation_service.go:90.16,92.3 1 0
smart-company-discovery/internal/service/conversation_service.go:94.2,94.17 1 0
smart-company-discovery/internal/service/conversation_service.go:98.171,100.2 1 0
smart-company-discovery/internal/service/embedding_service.go:33.123,38.2 1 0
smart-company-discovery/internal/service/embedding_service.go:41.86,48.16 3 0
smart-company-discovery/internal/service/embedding_service.go:48.16,50.3 1 0
smart-company-discovery/internal/service/embedding_service.go:53.2,62.16 3 0
smart-company-discovery/internal/service/embedding_service.go:62.16,64.3 1 0
smart-company-discovery/internal/service/embedding_service.go:66.2,66.12 1 0
smart-company-discovery/internal/service/embedding_service.go:70.87,72.16 2 0
smart-company-discovery/internal/service/embedding_service.go:72.16,74.3 1 0
smart-company-discovery/internal/service/embedding_service.go:75.2,75.12 1 0
smart-company-discovery/internal/service/embedding_service.go:79.99,81.16 2 0
smart-company-discovery/internal/service/embedding_service.go:81.16,83.3 1 0
smart-company-discovery/internal/service/embedding_service.go:84.2,84.23 1 0
smart-company-discovery/internal/service/embedding_service.go:88.124,91.16 2 0
smart-company-discovery/internal/service/embedding_service.go:91.16,93.3 1 0
smart-company-discovery/internal/service/embedding_service.go:96.2,97.16 2 0
smart-company-discovery/internal/service/embedding_service.go:97.16,99.3 1 0
smart-company-discovery/internal/service/embedding_service.go:101.2,101.21 1 0
smart-company-discovery/internal/service/qa_service.go:37.129,43.2 1 10
smart-company-discovery/internal/service/qa_service.go:46.103,54.16 3 20
smart-company-discovery/internal/service/qa_service.go:54.16,56.3 1 0
smart-company-discovery/internal/service/qa_service.go:59.2,59.31 1 20
smart-company-discovery/internal/service/qa_service.go:59.31,61.17 2 0
smart-company-discovery/internal/service/qa_service.go:61.17,65.4 1 0
smart-company-discovery/internal/service/qa_service.go:68.2,68.16 1 20
smart-company-discovery/internal/service/qa_service.go:72.86,74.16 2 10
smart-company-discovery/internal/service/qa_service.go:74.16,76.3 1 0
smart-company-discovery/internal/service/qa_service.go:77.2,77.15 1 10
smart-company-discovery/internal/service/qa_service.go:77.15,79.3 1 2
smart-company-discovery/internal/service/qa_service.go:80.2,80.16 1 8
smart-company-discovery/internal/service/qa_service.go:84.117,86.16 2 5
smart-company-discovery/internal/service/qa_service.go:86.16,88.3 1 0
smart-company-discovery/internal/service/qa_service.go:89.2,89.21 1 5
smart-company-discovery/internal/service/qa_service.go:89.21,91.3 1 1
smart-company-discovery/internal/service/qa_service.go:93.2,98.16 4 4
smart-company-discovery/internal/service/qa_service.go:98.16,100.3 1 0
smart-company-discovery/internal/service/qa_service.go:103.2,103.31 1 4
smart-company-discovery/internal/service/qa_service.go:103.31,105.17 2 0
smart-company-discovery/internal/service/qa_service.go:105.17,108.4 1 0
smart-company-discovery/internal/service/qa_service.go:111.2,111.22 1 4
smart-company-discovery/internal/service/qa_service.go:115.71,118.16 2 3
smart-company-discovery/internal/service/qa_service.go:118.16,120.3 1 1
smart-company-discovery/internal/service/qa_service.go:123.2,123.31 1 2
smart-company-discovery/internal/service/qa_service.go:123.31,125.17 2 0
smart-company-discovery/internal/service/qa_service.go:125.17,128.4 1 0
smart-company-discovery/internal/service/qa_service.go:131.2,131.12 1 2
smart-company-discovery/internal/service/qa_service.go:135.129,137.2 1 8
smart-company-discovery/internal/service/qa_service.go:140.145,142.2 1 3
smart-company-discovery/internal/service/qa_service.go:145.119,147.16 2 0
smart-company-discovery/internal/service/qa_service.go:147.16,149.3 1 0
smart-company-discovery/internal/service/qa_service.go:151.2,154.32 3 0
smart-company-discovery/internal/service/qa_service.go:154.32,156.17 2 0
smart-company-discovery/internal/service/qa_service.go:156.17,157.12 1 0
smart-company-discovery/internal/service/qa_service.go:159.3,160.29 2 0
smart-company-discovery/internal/service/qa_service.go:163.2,164.16 2 0
smart-company-discovery/internal/service/qa_service.go:164.16,166.3 1 0
smart-company-discovery/internal/service/qa_service.go:168.2,169.29 2 0
smart-company-discovery/internal/service/qa_service.go:169.29,174.3 1 0
smart-company-discovery/internal/service/qa_service.go:176.2,176.21 1 0
smart-company-discovery/internal/service/qa_service.go:180.96,182.2 1 0
smart-company-discovery/internal/service/qa_service.go:185.129,192.16 3 0
smart-company-discovery/internal/service/qa_service.go:192.16,194.3 1 0
smart-company-discovery/internal/service/qa_service.go:196.2,203.16 3 0
smart-company-discovery/internal/service/qa_service.go:203.16,205.3 1 0
smart-company-discovery/internal/service/qa_service.go:207.2,207.16 1 0
smart-company-discovery/internal/service/qa_service.go:211.129,213.16 2 0
smart-company-discovery/internal/service/qa_service.go:213.16,215.3 1 0
smart-company-discovery/internal/service/qa_service.go:216.2,216.21 1 0
smart-company-discovery/internal/service/qa_service.go:216.21,218.3 1 0
smart-company-discovery/internal/service/qa_service.go:220.2,224.16 4 0
smart-company-discovery/internal/service/qa_service.go:224.16,226.3 1 0
smart-company-discovery/internal/service/qa_service.go:228.2,235.16 3 0
smart-company-discovery/internal/service/qa_service.go:235.16,237.3 1 0
smart-company-discovery/internal/service/qa_service.go:239.2,239.22 1 0
smart-company-discovery/internal/service/qa_service.go:243.112,247.16 3 0
smart-company-discovery/internal/service/qa_service.go:247.16,249.3 1 0
smart-company-discovery/internal/service/qa_service.go:250.2,252.31 2 0
smart-company-discovery/internal/service/qa_service.go:252.31,254.17 2 0
smart-company-discovery/internal/service/qa_service.go:254.17,256.4 1 0
smart-company-discovery/internal/service/qa_service.go:256.9,258.4 1 0
smart-company-discovery/internal/service/qa_service.go:259.8,261.17 2 0
smart-company-discovery/internal/service/qa_service.go:261.17,263.4 1 0
smart-company-discovery/internal/service/qa_service.go:263.9,265.4 1 0
smart-company-discovery/internal/service/qa_service.go:268.2,269.22 2 0
smart-company-discovery/internal/service/qa_service.go:273.120,274.31 1 0
smart-company-discovery/internal/service/qa_service.go:274.31,276.3 1 0
smart-company-discovery/internal/service/qa_service.go:279.2,280.16 2 0
smart-company-discovery/internal/service/qa_service.go:280.16,282.3 1 0
smart-company-discovery/internal/service/qa_service.go:285.2,288.32 3 0
smart-company-discovery/internal/service/qa_service.go:288.32,290.17 2 0
smart-company-discovery/internal/service/qa_service.go:290.17,291.12 1 0
smart-company-discovery/internal/service/qa_service.go:293.3,294.29 2 0
smart-company-discovery/internal/service/qa_service.go:298.2,299.16 2 0
smart-company-discovery/internal/service/qa_service.go:299.16,301.3 1 0
smart-company-discovery/internal/service/qa_service.go:304.2,305.29 2 0
smart-company-discovery/internal/service/qa_service.go:305.29,310.3 1 0
smart-company-discovery/internal/service/qa_service.go:312.2,312.21 1 0
smart-company-discovery/internal/testutil/db.go:14.13,15.25 1 1
smart-company-discovery/internal/testutil/db.go:15.25,20.3 1 1
smart-company-discovery/internal/testutil/db.go:34.53,36.16 2 10
smart-company-discovery/internal/testutil/db.go:36.16,38.3 1 0
smart-company-discovery/internal/testutil/db.go:39.2,39.40 1 10
